<?xml version="1.0" encoding="UTF-8"?>
<!-- Generated by org.testng.reporters.JUnitReportReporter -->
<testsuite hostname="LAPTOP-IKS9SD1L" failures="0" tests="1" name="TestNGPrograms.BaseTest" time="4.318" errors="0" timestamp="2022-12-24T07:10:04 IST" skipped="0">
  <testcase classname="TestNGPrograms.BaseTest" name="openBrowser" time="4.318"/>
  <system-out/>
</testsuite> <!-- TestNGPrograms.BaseTest -->
