<?xml version="1.0" encoding="UTF-8"?>
<!-- Generated by org.testng.reporters.JUnitReportReporter -->
<testsuite hostname="LAPTOP-IKS9SD1L" failures="0" tests="3" name="TestNGPrograms.DependentTest" time="3.888" errors="0" timestamp="2022-12-24T06:50:45 IST" skipped="0">
  <testcase classname="TestNGPrograms.DependentTest" name="SignIn" time="0.010"/>
  <system-out/>
  <testcase classname="TestNGPrograms.DependentTest" name="viewAcc" time="0.022"/>
  <system-out/>
  <testcase classname="TestNGPrograms.DependentTest" name="openBrowser" time="3.856"/>
  <system-out/>
</testsuite> <!-- TestNGPrograms.DependentTest -->
