<?xml version="1.0" encoding="UTF-8"?>
<!-- Generated by org.testng.reporters.JUnitReportReporter -->
<testsuite hostname="LAPTOP-IKS9SD1L" failures="0" tests="3" name="TestNGPrograms.AnnotationDemo" time="29.538" errors="0" timestamp="2022-12-24T07:55:27 IST" skipped="0">
  <testcase classname="TestNGPrograms.AnnotationDemo" name="third" time="10.352"/>
  <system-out/>
  <testcase classname="TestNGPrograms.AnnotationDemo" name="second" time="8.584"/>
  <system-out/>
  <testcase classname="TestNGPrograms.AnnotationDemo" name="first" time="10.602"/>
  <system-out/>
</testsuite> <!-- TestNGPrograms.AnnotationDemo -->
