<?xml version="1.0" encoding="UTF-8"?>
<!-- Generated by org.testng.reporters.JUnitReportReporter -->
<testsuite hostname="LAPTOP-IKS9SD1L" failures="0" tests="7" name="TestNGPrograms.DPTest1" time="61.409" errors="0" timestamp="2022-12-28T07:23:05 IST" skipped="0">
  <testcase classname="TestNGPrograms.DPTest1" name="FaceBookLogin" time="6.185"/>
  <system-out/>
  <testcase classname="TestNGPrograms.DPTest1" name="FaceBookLogin" time="7.204"/>
  <system-out/>
  <testcase classname="TestNGPrograms.DPTest1" name="FaceBookLogin" time="10.271"/>
  <system-out/>
  <testcase classname="TestNGPrograms.DPTest1" name="FaceBookLogin" time="7.142"/>
  <system-out/>
  <testcase classname="TestNGPrograms.DPTest1" name="FaceBookLogin" time="13.148"/>
  <system-out/>
  <testcase classname="TestNGPrograms.DPTest1" name="FaceBookLogin" time="7.370"/>
  <system-out/>
  <testcase classname="TestNGPrograms.DPTest1" name="FaceBookLogin" time="10.089"/>
  <system-out/>
</testsuite> <!-- TestNGPrograms.DPTest1 -->
