<?xml version="1.0" encoding="UTF-8"?>
<!-- Generated by org.testng.reporters.JUnitReportReporter -->
<testsuite hostname="LAPTOP-IKS9SD1L" failures="0" tests="3" name="TestNGPrograms.AssertTest" time="16.089" errors="0" timestamp="2022-12-26T07:36:52 IST" skipped="0">
  <testcase classname="TestNGPrograms.AssertTest" name="openBrowser" time="14.610"/>
  <system-out/>
  <testcase classname="TestNGPrograms.AssertTest" name="checkTitle" time="0.231"/>
  <system-out/>
  <testcase classname="TestNGPrograms.AssertTest" name="checkLogo" time="1.248"/>
  <system-out/>
</testsuite> <!-- TestNGPrograms.AssertTest -->
