<?xml version="1.0" encoding="UTF-8"?>
<!-- Generated by org.testng.reporters.JUnitReportReporter -->
<testsuite hostname="LAPTOP-IKS9SD1L" failures="0" tests="3" name="TestNGPrograms.MultipleDependentTest" time="0.017" errors="0" timestamp="2022-12-24T07:03:59 IST" skipped="0">
  <testcase classname="TestNGPrograms.MultipleDependentTest" name="LogOut" time="0.003"/>
  <system-out/>
  <testcase classname="TestNGPrograms.MultipleDependentTest" name="SignIn" time="0.002"/>
  <system-out/>
  <testcase classname="TestNGPrograms.MultipleDependentTest" name="OpenBrowser" time="0.012"/>
  <system-out/>
</testsuite> <!-- TestNGPrograms.MultipleDependentTest -->
