<?xml version="1.0" encoding="UTF-8"?>
<!-- Generated by org.testng.reporters.JUnitReportReporter -->
<testsuite hostname="LAPTOP-IKS9SD1L" failures="0" tests="2" name="TestNGPrograms.AnnotationTest" time="0.008" errors="0" timestamp="2022-12-24T07:55:27 IST" skipped="0">
  <testcase classname="TestNGPrograms.AnnotationTest" name="s" time="0.004"/>
  <system-out/>
  <testcase classname="TestNGPrograms.AnnotationTest" name="f" time="0.004"/>
  <system-out/>
</testsuite> <!-- TestNGPrograms.AnnotationTest -->
