<?xml version="1.0" encoding="UTF-8"?>
<!-- Generated by org.testng.reporters.JUnitReportReporter -->
<testsuite hostname="LAPTOP-IKS9SD1L" failures="0" tests="12" name="TestNGPrograms.ParallelTest" time="36.300" errors="0" timestamp="2023-01-02T07:41:47 IST" skipped="6">
  <testcase classname="TestNGPrograms.ParallelTest" name="AccountTest" time="0.001"/>
  <system-out/>
  <testcase classname="TestNGPrograms.ParallelTest" name="AccountTest1" time="0.002">
    <skipped/>
  </testcase> <!-- AccountTest1 -->
  <system-out/>
  <testcase classname="TestNGPrograms.ParallelTest" name="AccountTest1" time="0.007">
    <skipped/>
  </testcase> <!-- AccountTest1 -->
  <system-out/>
  <testcase classname="TestNGPrograms.ParallelTest" name="SkipTest" time="0.002">
    <skipped/>
  </testcase> <!-- SkipTest -->
  <system-out/>
  <testcase classname="TestNGPrograms.ParallelTest" name="edgeTest" time="9.968">
    <skipped/>
  </testcase> <!-- edgeTest -->
  <system-out/>
  <testcase classname="TestNGPrograms.ParallelTest" name="AccountTest1" time="0.009">
    <skipped/>
  </testcase> <!-- AccountTest1 -->
  <system-out/>
  <testcase classname="TestNGPrograms.ParallelTest" name="AccountTest1" time="0.012">
    <skipped/>
  </testcase> <!-- AccountTest1 -->
  <system-out/>
  <testcase classname="TestNGPrograms.ParallelTest" name="AccountTest" time="0.011"/>
  <system-out/>
  <testcase classname="TestNGPrograms.ParallelTest" name="edgeTest" time="6.741"/>
  <system-out/>
  <testcase classname="TestNGPrograms.ParallelTest" name="ChromeTest" time="7.220"/>
  <system-out/>
  <testcase classname="TestNGPrograms.ParallelTest" name="AccountTest" time="0.008"/>
  <system-out/>
  <testcase classname="TestNGPrograms.ParallelTest" name="FireFoxTest" time="12.319"/>
  <system-out/>
</testsuite> <!-- TestNGPrograms.ParallelTest -->
