<?xml version="1.0" encoding="UTF-8"?>
<!-- Generated by org.testng.reporters.JUnitReportReporter -->
<testsuite hostname="LAPTOP-IKS9SD1L" failures="0" tests="3" name="TestNGPrograms.NewTest1" time="0.009" errors="0" timestamp="2022-12-24T07:59:27 IST" skipped="1">
  <testcase classname="TestNGPrograms.NewTest1" name="first" time="0.008"/>
  <system-out>
    <![CDATA[First Test]]>
  </system-out>
  <testcase classname="TestNGPrograms.NewTest1" name="third" time="0.001"/>
  <system-out/>
  <testcase classname="TestNGPrograms.NewTest1" name="second">
    <skipped/>
  </testcase> <!-- second -->
  <system-out/>
</testsuite> <!-- TestNGPrograms.NewTest1 -->
