<?xml version="1.0" encoding="UTF-8"?>
<!-- Generated by org.testng.reporters.JUnitReportReporter -->
<testsuite hostname="LAPTOP-IKS9SD1L" failures="0" tests="7" name="TestNGPrograms.DPTest" time="66.162" errors="0" timestamp="2022-12-31T07:14:26 IST" skipped="0">
  <testcase classname="TestNGPrograms.DPTest" name="FaceBookLogin" time="12.076"/>
  <system-out>
    <![CDATA[Chrome Successfully Started
Successfully Enter username and password and click on login button]]>
  </system-out>
  <testcase classname="TestNGPrograms.DPTest" name="FaceBookLogin" time="12.478"/>
  <system-out>
    <![CDATA[Chrome Successfully Started
Successfully Enter username and password and click on login button]]>
  </system-out>
  <testcase classname="TestNGPrograms.DPTest" name="FaceBookLogin" time="8.385"/>
  <system-out>
    <![CDATA[Chrome Successfully Started
Successfully Enter username and password and click on login button]]>
  </system-out>
  <testcase classname="TestNGPrograms.DPTest" name="FaceBookLogin" time="13.218"/>
  <system-out>
    <![CDATA[Chrome Successfully Started
Successfully Enter username and password and click on login button]]>
  </system-out>
  <testcase classname="TestNGPrograms.DPTest" name="FaceBookLogin" time="7.354"/>
  <system-out>
    <![CDATA[Chrome Successfully Started
Successfully Enter username and password and click on login button]]>
  </system-out>
  <testcase classname="TestNGPrograms.DPTest" name="FaceBookLogin" time="5.636"/>
  <system-out>
    <![CDATA[Chrome Successfully Started
Successfully Enter username and password and click on login button]]>
  </system-out>
  <testcase classname="TestNGPrograms.DPTest" name="FaceBookLogin" time="7.015"/>
  <system-out>
    <![CDATA[Chrome Successfully Started
Successfully Enter username and password and click on login button]]>
  </system-out>
</testsuite> <!-- TestNGPrograms.DPTest -->
