<?xml version="1.0" encoding="UTF-8"?>
<!-- Generated by org.testng.reporters.JUnitReportReporter -->
<testsuite hostname="LAPTOP-IKS9SD1L" failures="0" tests="2" name="TestNGPrograms.optionalTest" time="0.009" errors="0" timestamp="2022-12-27T07:15:08 IST" skipped="0">
  <testcase classname="TestNGPrograms.optionalTest" name="OP1" time="0.001"/>
  <system-out/>
  <testcase classname="TestNGPrograms.optionalTest" name="OP" time="0.008"/>
  <system-out/>
</testsuite> <!-- TestNGPrograms.optionalTest -->
