<?xml version="1.0" encoding="UTF-8"?>
<!-- Generated by org.testng.reporters.JUnitReportReporter -->
<testsuite hostname="LAPTOP-IKS9SD1L" failures="0" tests="1" name="TestNGPrograms.EdgeTest" time="10.669" errors="0" timestamp="2022-12-30T06:59:34 IST" skipped="0">
  <testcase classname="TestNGPrograms.EdgeTest" name="EdgeTest" time="10.669"/>
  <system-out/>
</testsuite> <!-- TestNGPrograms.EdgeTest -->
