<?xml version="1.0" encoding="UTF-8"?>
<!-- Generated by org.testng.reporters.JUnitReportReporter -->
<testsuite hostname="LAPTOP-IKS9SD1L" failures="0" tests="4" name="TestNGPrograms.ChromeTest" time="0.096" errors="0" timestamp="2022-12-30T07:49:53 IST" skipped="0">
  <testcase classname="TestNGPrograms.ChromeTest" name="ChromeTest" time="0.024"/>
  <system-out/>
  <testcase classname="TestNGPrograms.ChromeTest" name="ChromeTest" time="0.024"/>
  <system-out/>
  <testcase classname="TestNGPrograms.ChromeTest" name="ChromeTest" time="0.024"/>
  <system-out/>
  <testcase classname="TestNGPrograms.ChromeTest" name="ChromeTest" time="0.024"/>
  <system-out/>
</testsuite> <!-- TestNGPrograms.ChromeTest -->
