<?xml version="1.0" encoding="UTF-8"?>
<!-- Generated by org.testng.reporters.JUnitReportReporter -->
<testsuite hostname="LAPTOP-IKS9SD1L" failures="0" tests="3" name="TestNGPrograms.ParametersTest" time="33.910" errors="0" timestamp="2022-12-28T06:29:56 IST" skipped="0">
  <testcase classname="TestNGPrograms.ParametersTest" name="SelectBrowser" time="10.892"/>
  <system-out/>
  <testcase classname="TestNGPrograms.ParametersTest" name="SelectBrowser" time="7.283"/>
  <system-out/>
  <testcase classname="TestNGPrograms.ParametersTest" name="SelectBrowser" time="15.735"/>
  <system-out/>
</testsuite> <!-- TestNGPrograms.ParametersTest -->
