<?xml version="1.0" encoding="UTF-8"?>
<!-- Generated by org.testng.reporters.JUnitReportReporter -->
<testsuite hostname="LAPTOP-IKS9SD1L" failures="0" tests="4" name="TestNGPrograms.priorityTest" time="10.764" errors="0" timestamp="2022-12-23T08:09:20 IST" skipped="1">
  <testcase classname="TestNGPrograms.priorityTest" name="clickonElement" time="1.805"/>
  <system-out/>
  <testcase classname="TestNGPrograms.priorityTest" name="starting_point" time="8.897"/>
  <system-out/>
  <testcase classname="TestNGPrograms.priorityTest" name="checkTitle" time="0.062"/>
  <system-out/>
  <testcase classname="TestNGPrograms.priorityTest" name="insert_data">
    <skipped/>
  </testcase> <!-- insert_data -->
  <system-out/>
</testsuite> <!-- TestNGPrograms.priorityTest -->
