<?xml version="1.0" encoding="UTF-8"?>
<!-- Generated by org.testng.reporters.JUnitReportReporter -->
<testsuite hostname="LAPTOP-IKS9SD1L" failures="0" tests="1" name="TestNGPrograms.FireFoxTest" time="10.295" errors="0" timestamp="2022-12-30T06:59:34 IST" skipped="0">
  <testcase classname="TestNGPrograms.FireFoxTest" name="FireFoxTest" time="10.295"/>
  <system-out/>
</testsuite> <!-- TestNGPrograms.FireFoxTest -->
