<?xml version="1.0" encoding="UTF-8"?>
<!-- Generated by org.testng.reporters.JUnitReportReporter -->
<testsuite hostname="LAPTOP-IKS9SD1L" failures="0" tests="1" name="TestNGPrograms.NewTest" time="8.755" errors="0" timestamp="2022-12-24T07:55:27 IST" skipped="0">
  <testcase classname="TestNGPrograms.NewTest" name="launchBrowser" time="8.755"/>
  <system-out/>
</testsuite> <!-- TestNGPrograms.NewTest -->
