<?xml version="1.0" encoding="UTF-8"?>
<!-- Generated by org.testng.reporters.JUnitReportReporter -->
<testsuite hostname="LAPTOP-IKS9SD1L" failures="0" tests="1" name="TestNGPrograms.ReadDatafromExcel" time="1.502" errors="0" timestamp="2023-01-03T07:28:12 IST" skipped="0">
  <testcase classname="TestNGPrograms.ReadDatafromExcel" name="ReadExcel" time="1.502"/>
  <system-out/>
</testsuite> <!-- TestNGPrograms.ReadDatafromExcel -->
