<?xml version="1.0" encoding="UTF-8"?>
<!-- Generated by org.testng.reporters.JUnitReportReporter -->
<testsuite hostname="LAPTOP-IKS9SD1L" failures="0" tests="44" name="TestNGPrograms.DataDrivenTest" time="0.591" errors="0" timestamp="2022-12-30T07:58:45 IST" skipped="0">
  <testcase classname="TestNGPrograms.DataDrivenTest" name="diff" time="0.011"/>
  <system-out/>
  <testcase classname="TestNGPrograms.DataDrivenTest" name="add" time="0.017"/>
  <system-out/>
  <testcase classname="TestNGPrograms.DataDrivenTest" name="diff" time="0.002"/>
  <system-out/>
  <testcase classname="TestNGPrograms.DataDrivenTest" name="add" time="0.016"/>
  <system-out/>
  <testcase classname="TestNGPrograms.DataDrivenTest" name="div" time="0.014"/>
  <system-out/>
  <testcase classname="TestNGPrograms.DataDrivenTest" name="div" time="0.014"/>
  <system-out/>
  <testcase classname="TestNGPrograms.DataDrivenTest" name="diff" time="0.026"/>
  <system-out/>
  <testcase classname="TestNGPrograms.DataDrivenTest" name="mul" time="0.005"/>
  <system-out/>
  <testcase classname="TestNGPrograms.DataDrivenTest" name="diff" time="0.020"/>
  <system-out/>
  <testcase classname="TestNGPrograms.DataDrivenTest" name="div" time="0.010"/>
  <system-out/>
  <testcase classname="TestNGPrograms.DataDrivenTest" name="div" time="0.004"/>
  <system-out/>
  <testcase classname="TestNGPrograms.DataDrivenTest" name="div" time="0.013"/>
  <system-out/>
  <testcase classname="TestNGPrograms.DataDrivenTest" name="div" time="0.011"/>
  <system-out/>
  <testcase classname="TestNGPrograms.DataDrivenTest" name="div" time="0.030"/>
  <system-out/>
  <testcase classname="TestNGPrograms.DataDrivenTest" name="diff" time="0.003"/>
  <system-out/>
  <testcase classname="TestNGPrograms.DataDrivenTest" name="mul" time="0.017"/>
  <system-out/>
  <testcase classname="TestNGPrograms.DataDrivenTest" name="add" time="0.007"/>
  <system-out/>
  <testcase classname="TestNGPrograms.DataDrivenTest" name="mul" time="0.003"/>
  <system-out/>
  <testcase classname="TestNGPrograms.DataDrivenTest" name="diff" time="0.012"/>
  <system-out/>
  <testcase classname="TestNGPrograms.DataDrivenTest" name="mul" time="0.025"/>
  <system-out/>
  <testcase classname="TestNGPrograms.DataDrivenTest" name="add" time="0.011"/>
  <system-out/>
  <testcase classname="TestNGPrograms.DataDrivenTest" name="mul" time="0.020"/>
  <system-out/>
  <testcase classname="TestNGPrograms.DataDrivenTest" name="add" time="0.017"/>
  <system-out/>
  <testcase classname="TestNGPrograms.DataDrivenTest" name="div" time="0.004"/>
  <system-out/>
  <testcase classname="TestNGPrograms.DataDrivenTest" name="diff" time="0.002"/>
  <system-out/>
  <testcase classname="TestNGPrograms.DataDrivenTest" name="div" time="0.016"/>
  <system-out/>
  <testcase classname="TestNGPrograms.DataDrivenTest" name="div" time="0.006"/>
  <system-out/>
  <testcase classname="TestNGPrograms.DataDrivenTest" name="mul" time="0.002"/>
  <system-out/>
  <testcase classname="TestNGPrograms.DataDrivenTest" name="add" time="0.014"/>
  <system-out/>
  <testcase classname="TestNGPrograms.DataDrivenTest" name="mul" time="0.026"/>
  <system-out/>
  <testcase classname="TestNGPrograms.DataDrivenTest" name="add" time="0.020"/>
  <system-out/>
  <testcase classname="TestNGPrograms.DataDrivenTest" name="mul" time="0.018"/>
  <system-out/>
  <testcase classname="TestNGPrograms.DataDrivenTest" name="diff" time="0.004"/>
  <system-out/>
  <testcase classname="TestNGPrograms.DataDrivenTest" name="add" time="0.005"/>
  <system-out/>
  <testcase classname="TestNGPrograms.DataDrivenTest" name="diff" time="0.009"/>
  <system-out/>
  <testcase classname="TestNGPrograms.DataDrivenTest" name="div" time="0.008"/>
  <system-out/>
  <testcase classname="TestNGPrograms.DataDrivenTest" name="mul" time="0.014"/>
  <system-out/>
  <testcase classname="TestNGPrograms.DataDrivenTest" name="mul" time="0.031"/>
  <system-out/>
  <testcase classname="TestNGPrograms.DataDrivenTest" name="diff" time="0.012"/>
  <system-out/>
  <testcase classname="TestNGPrograms.DataDrivenTest" name="add" time="0.009"/>
  <system-out/>
  <testcase classname="TestNGPrograms.DataDrivenTest" name="diff" time="0.021"/>
  <system-out/>
  <testcase classname="TestNGPrograms.DataDrivenTest" name="add" time="0.007"/>
  <system-out/>
  <testcase classname="TestNGPrograms.DataDrivenTest" name="add" time="0.015"/>
  <system-out/>
  <testcase classname="TestNGPrograms.DataDrivenTest" name="mul" time="0.040"/>
  <system-out/>
</testsuite> <!-- TestNGPrograms.DataDrivenTest -->
