<?xml version="1.0" encoding="UTF-8"?>
<!-- Generated by org.testng.reporters.JUnitReportReporter -->
<testsuite hostname="LAPTOP-IKS9SD1L" failures="0" tests="5" name="TestNGPrograms.HobbyCenterTest" time="20.983" errors="0" timestamp="2022-12-30T15:42:18 IST" skipped="0">
  <testcase classname="TestNGPrograms.HobbyCenterTest" name="HobbyCM" time="5.322"/>
  <system-out/>
  <testcase classname="TestNGPrograms.HobbyCenterTest" name="HobbyCM" time="5.233"/>
  <system-out/>
  <testcase classname="TestNGPrograms.HobbyCenterTest" name="HobbyCM" time="3.748"/>
  <system-out/>
  <testcase classname="TestNGPrograms.HobbyCenterTest" name="HobbyCM" time="2.884"/>
  <system-out/>
  <testcase classname="TestNGPrograms.HobbyCenterTest" name="HobbyCM" time="3.796"/>
  <system-out/>
</testsuite> <!-- TestNGPrograms.HobbyCenterTest -->
