<?xml version="1.0" encoding="UTF-8"?>
<!-- Generated by org.testng.reporters.JUnitReportReporter -->
<testsuite hostname="LAPTOP-IKS9SD1L" failures="0" tests="3" name="TestNGPrograms.GroupDependentTest" time="0.035" errors="0" timestamp="2022-12-24T06:57:57 IST" skipped="0">
  <testcase classname="TestNGPrograms.GroupDependentTest" name="signIn" time="0.007"/>
  <system-out/>
  <testcase classname="TestNGPrograms.GroupDependentTest" name="opneBrowser" time="0.022"/>
  <system-out/>
  <testcase classname="TestNGPrograms.GroupDependentTest" name="ViewAcc" time="0.006"/>
  <system-out/>
</testsuite> <!-- TestNGPrograms.GroupDependentTest -->
