<?xml version="1.0" encoding="UTF-8"?>
<!-- Generated by org.testng.reporters.JUnitReportReporter -->
<testsuite hostname="LAPTOP-IKS9SD1L" failures="0" tests="4" name="TestNGPrograms.GroupDependency" time="0.034" errors="0" timestamp="2022-12-24T07:26:57 IST" skipped="0">
  <testcase classname="TestNGPrograms.GroupDependency" name="OpenBrowser" time="0.018"/>
  <system-out/>
  <testcase classname="TestNGPrograms.GroupDependency" name="CloseAccount" time="0.005"/>
  <system-out/>
  <testcase classname="TestNGPrograms.GroupDependency" name="ViewAcc" time="0.007"/>
  <system-out/>
  <testcase classname="TestNGPrograms.GroupDependency" name="LogIn" time="0.004"/>
  <system-out/>
</testsuite> <!-- TestNGPrograms.GroupDependency -->
