<?xml version="1.0" encoding="UTF-8"?>
<!-- Generated by org.testng.reporters.JUnitReportReporter -->
<testsuite hostname="LAPTOP-IKS9SD1L" failures="0" tests="2" name="TestNGPrograms.Param" time="0.016" errors="0" timestamp="2022-12-27T07:05:21 IST" skipped="0">
  <testcase classname="TestNGPrograms.Param" name="Diff" time="0.011"/>
  <system-out/>
  <testcase classname="TestNGPrograms.Param" name="Sum" time="0.005"/>
  <system-out/>
</testsuite> <!-- TestNGPrograms.Param -->
