<?xml version="1.0" encoding="UTF-8"?>
<!-- Generated by org.testng.reporters.JUnitReportReporter -->
<testsuite hostname="LAPTOP-IKS9SD1L" failures="0" tests="3" name="TestNGPrograms.CrossBrowserTest" time="8.986" errors="0" timestamp="2022-12-29T07:30:33 IST" skipped="0">
  <testcase classname="TestNGPrograms.CrossBrowserTest" name="FBlogin" time="1.405"/>
  <system-out/>
  <testcase classname="TestNGPrograms.CrossBrowserTest" name="FBlogin" time="4.803"/>
  <system-out/>
  <testcase classname="TestNGPrograms.CrossBrowserTest" name="FBlogin" time="2.778"/>
  <system-out/>
</testsuite> <!-- TestNGPrograms.CrossBrowserTest -->
