<?xml version="1.0" encoding="UTF-8"?>
<!-- Generated by org.testng.reporters.JUnitReportReporter -->
<testsuite hostname="LAPTOP-IKS9SD1L" failures="0" tests="2" name="TestNGPrograms.ChildTest" time="3.809" errors="0" timestamp="2022-12-24T07:10:27 IST" skipped="0">
  <testcase classname="TestNGPrograms.ChildTest" name="openBrowser" time="3.807"/>
  <system-out/>
  <testcase classname="TestNGPrograms.ChildTest" name="Login" time="0.002"/>
  <system-out/>
</testsuite> <!-- TestNGPrograms.ChildTest -->
